Using pre-set license
Built from '2020.3/release' branch; Version is '2020.3.1f1 (77a89f25062f) revision 7841951'; Using compiler version '192528614'; Build Type 'Release'
OS: 'Windows 10 Home; OS build 19043.1319; Version 2009; 64bit' Language: 'en' Physical Memory: 8028 MB
BatchMode: 1, IsHumanControllingUs: 0, StartBugReporterOnCrash: 0, Is64bit: 1, IsPro: 0

 COMMAND LINE ARGUMENTS:
C:\Program Files\2020.3.1f1\Editor\Unity.exe
-adb2
-batchMode
-noUpm
-name
AssetImportWorker0
-projectPath
C:/DevUnity/Geographic/Geographic
-logFile
Logs/AssetImportWorker0.log
-srvPort
64254
Successfully changed project path to: C:/DevUnity/Geographic/Geographic
C:/DevUnity/Geographic/Geographic
Using Asset Import Pipeline V2.
Refreshing native plugins compatible for Editor in 60.42 ms, found 0 plugins.
Preloading 0 native plugins for Editor in 0.00 ms.
Initialize engine version: 2020.3.1f1 (77a89f25062f)
[Subsystems] Discovering subsystems at path C:/Program Files/2020.3.1f1/Editor/Data/Resources/UnitySubsystems
[Subsystems] Discovering subsystems at path C:/DevUnity/Geographic/Geographic/Assets
GfxDevice: creating device client; threaded=0
Direct3D:
    Version:  Direct3D 11.0 [level 11.1]
    Renderer: Intel(R) UHD Graphics (ID=0x9b41)
    Vendor:   
    VRAM:     4014 MB
    Driver:   30.0.100.9955
Shader 'Universal Render Pipeline/Particles/Lit': fallback shader 'Universal Render Pipeline/Particles/SimpleLit' not found
Initialize mono
Mono path[0] = 'C:/Program Files/2020.3.1f1/Editor/Data/Managed'
Mono path[1] = 'C:/Program Files/2020.3.1f1/Editor/Data/MonoBleedingEdge/lib/mono/unityjit'
Mono config path = 'C:/Program Files/2020.3.1f1/Editor/Data/MonoBleedingEdge/etc'
Using monoOptions --debugger-agent=transport=dt_socket,embedding=1,server=y,suspend=n,address=127.0.0.1:56420
Begin MonoManager ReloadAssembly
Registering precompiled unity dll's ...
Register platform support module: C:/Program Files/2020.3.1f1/Editor/Data/PlaybackEngines/WindowsStandaloneSupport/UnityEditor.WindowsStandalone.Extensions.dll
Registered in 0.004176 seconds.
Native extension for WindowsStandalone target not found
Refreshing native plugins compatible for Editor in 57.34 ms, found 0 plugins.
Preloading 0 native plugins for Editor in 0.00 ms.
Invoked RoslynAnalysisRunner static constructor.
RoslynAnalysisRunner will not be running.
RoslynAnalysisRunner has terminated.
Mono: successfully reloaded assembly
- Completed reload, in  2.454 seconds
Platform modules already initialized, skipping
Registering precompiled user dll's ...
Registered in 0.005813 seconds.
Begin MonoManager ReloadAssembly
Native extension for WindowsStandalone target not found
Refreshing native plugins compatible for Editor in 76.12 ms, found 0 plugins.
Preloading 0 native plugins for Editor in 0.00 ms.
Invoked RoslynAnalysisRunner static constructor.
RoslynAnalysisRunner will not be running.
RoslynAnalysisRunner has terminated.
Mono: successfully reloaded assembly
- Completed reload, in  1.563 seconds
Platform modules already initialized, skipping
========================================================================
Worker process is ready to serve import requests
Shader 'Universal Render Pipeline/Particles/Lit': fallback shader 'Universal Render Pipeline/Particles/SimpleLit' not found
Launched and connected shader compiler UnityShaderCompiler.exe after 0.08 seconds
Refreshing native plugins compatible for Editor in 0.49 ms, found 0 plugins.
Preloading 0 native plugins for Editor in 0.00 ms.
Unloading 2400 Unused Serialized files (Serialized files now loaded: 0)
System memory in use before: 112.4 MB.
System memory in use after: 112.6 MB.

Unloading 10 unused Assets to reduce memory usage. Loaded Objects now: 2844.
Total: 3.364500 ms (FindLiveObjects: 0.378200 ms CreateObjectMapping: 0.238900 ms MarkObjects: 2.542700 ms  DeleteObjects: 0.202200 ms)

========================================================================
Received Import Request.
  path: Assets/Settings/Planet Colour/EarthLikeColour.asset
  artifactKey: Guid(81adb5724a12103478033e2945a79298) Importer(815301076,1909f56bfc062723c751e8b465ee728b)
Start importing Assets/Settings/Planet Colour/EarthLikeColour.asset using Guid(81adb5724a12103478033e2945a79298) Importer(815301076,1909f56bfc062723c751e8b465ee728b)  -> (artifact id: 'b4ca0411a2b597ebd2873fcd6a3981ae') in 0.045074 seconds
  Import took 0.051433 seconds .

========================================================================
Received Import Request.
  Time since last request: 0.000359 seconds.
  path: Assets/Settings/Planet Shape/EarthLikeShape.asset
  artifactKey: Guid(32733f94e5ff27e48853601b2791f436) Importer(815301076,1909f56bfc062723c751e8b465ee728b)
Start importing Assets/Settings/Planet Shape/EarthLikeShape.asset using Guid(32733f94e5ff27e48853601b2791f436) Importer(815301076,1909f56bfc062723c751e8b465ee728b)  -> (artifact id: 'b7b5ee4e3ce13585bc2ced2f2d1e6881') in 0.008451 seconds
  Import took 0.014682 seconds .

========================================================================
Received Import Request.
  Time since last request: 0.000325 seconds.
  path: Assets/Scripts/ColourGenerator.cs
  artifactKey: Guid(310b6dbf7269b66458c63280b07baf8e) Importer(815301076,1909f56bfc062723c751e8b465ee728b)
Start importing Assets/Scripts/ColourGenerator.cs using Guid(310b6dbf7269b66458c63280b07baf8e) Importer(815301076,1909f56bfc062723c751e8b465ee728b)  -> (artifact id: '1616c7955e9255f81fc2fe069bbebd35') in 0.012065 seconds
  Import took 0.018198 seconds .

========================================================================
Received Import Request.
  Time since last request: 212.906633 seconds.
  path: Assets/Scripts/ColourGenerator.cs
  artifactKey: Guid(310b6dbf7269b66458c63280b07baf8e) Importer(815301076,1909f56bfc062723c751e8b465ee728b)
Start importing Assets/Scripts/ColourGenerator.cs using Guid(310b6dbf7269b66458c63280b07baf8e) Importer(815301076,1909f56bfc062723c751e8b465ee728b)  -> (artifact id: '47e41903131cc73aa6c42fb208b29a86') in 0.005531 seconds
  Import took 0.027158 seconds .

========================================================================
Received Import Request.
  Time since last request: 0.063837 seconds.
  path: Assets/Scripts/ColourGenerator.cs
  artifactKey: Guid(310b6dbf7269b66458c63280b07baf8e) Importer(815301076,1909f56bfc062723c751e8b465ee728b)
Start importing Assets/Scripts/ColourGenerator.cs using Guid(310b6dbf7269b66458c63280b07baf8e) Importer(815301076,1909f56bfc062723c751e8b465ee728b)  -> (artifact id: '47e41903131cc73aa6c42fb208b29a86') in 0.006670 seconds
  Import took 0.013423 seconds .

========================================================================
Received Prepare
Registering precompiled user dll's ...
Registered in 0.002218 seconds.
Begin MonoManager ReloadAssembly
Native extension for WindowsStandalone target not found
Refreshing native plugins compatible for Editor in 0.45 ms, found 0 plugins.
Preloading 0 native plugins for Editor in 0.00 ms.
Invoked RoslynAnalysisRunner static constructor.
RoslynAnalysisRunner will not be running.
RoslynAnalysisRunner has terminated.
Mono: successfully reloaded assembly
- Completed reload, in  1.187 seconds
Platform modules already initialized, skipping
Shader 'Universal Render Pipeline/Particles/Lit': fallback shader 'Universal Render Pipeline/Particles/SimpleLit' not found
Refreshing native plugins compatible for Editor in 0.53 ms, found 0 plugins.
Preloading 0 native plugins for Editor in 0.00 ms.
Unloading 2291 Unused Serialized files (Serialized files now loaded: 0)
System memory in use before: 106.6 MB.
System memory in use after: 106.8 MB.

Unloading 6 unused Assets to reduce memory usage. Loaded Objects now: 2847.
Total: 3.254700 ms (FindLiveObjects: 0.506300 ms CreateObjectMapping: 0.187900 ms MarkObjects: 2.412100 ms  DeleteObjects: 0.129600 ms)

========================================================================
Received Prepare
Registering precompiled user dll's ...
Registered in 0.002107 seconds.
Begin MonoManager ReloadAssembly
Native extension for WindowsStandalone target not found
Refreshing native plugins compatible for Editor in 0.55 ms, found 0 plugins.
Preloading 0 native plugins for Editor in 0.00 ms.
Invoked RoslynAnalysisRunner static constructor.
RoslynAnalysisRunner will not be running.
RoslynAnalysisRunner has terminated.
Mono: successfully reloaded assembly
- Completed reload, in  1.094 seconds
Platform modules already initialized, skipping
Shader 'Universal Render Pipeline/Particles/Lit': fallback shader 'Universal Render Pipeline/Particles/SimpleLit' not found
Refreshing native plugins compatible for Editor in 0.40 ms, found 0 plugins.
Preloading 0 native plugins for Editor in 0.00 ms.
Unloading 2291 Unused Serialized files (Serialized files now loaded: 0)
System memory in use before: 106.6 MB.
System memory in use after: 106.8 MB.

Unloading 6 unused Assets to reduce memory usage. Loaded Objects now: 2850.
Total: 2.728400 ms (FindLiveObjects: 0.359000 ms CreateObjectMapping: 0.147600 ms MarkObjects: 2.117500 ms  DeleteObjects: 0.102700 ms)

========================================================================
Received Import Request.
  Time since last request: 608.212285 seconds.
  path: Assets/Scripts/ColourGenerator.cs
  artifactKey: Guid(310b6dbf7269b66458c63280b07baf8e) Importer(815301076,1909f56bfc062723c751e8b465ee728b)
Start importing Assets/Scripts/ColourGenerator.cs using Guid(310b6dbf7269b66458c63280b07baf8e) Importer(815301076,1909f56bfc062723c751e8b465ee728b)  -> (artifact id: '1cc2952d0b445f4164f472a737df63dd') in 0.006796 seconds
  Import took 0.010938 seconds .

========================================================================
Received Import Request.
  Time since last request: 4.160772 seconds.
  path: Assets/Scripts/TerrainFace.cs
  artifactKey: Guid(03dcf88a990e7e147b7dccd4bdcf1ced) Importer(815301076,1909f56bfc062723c751e8b465ee728b)
Start importing Assets/Scripts/TerrainFace.cs using Guid(03dcf88a990e7e147b7dccd4bdcf1ced) Importer(815301076,1909f56bfc062723c751e8b465ee728b)  -> (artifact id: '078e0858574f15bebd011da5029e3c16') in 0.006022 seconds
  Import took 0.012157 seconds .

========================================================================
Received Prepare
Registering precompiled user dll's ...
Registered in 0.002113 seconds.
Begin MonoManager ReloadAssembly
Native extension for WindowsStandalone target not found
Refreshing native plugins compatible for Editor in 0.49 ms, found 0 plugins.
Preloading 0 native plugins for Editor in 0.00 ms.
Invoked RoslynAnalysisRunner static constructor.
RoslynAnalysisRunner will not be running.
RoslynAnalysisRunner has terminated.
Mono: successfully reloaded assembly
- Completed reload, in  1.141 seconds
Platform modules already initialized, skipping
Shader 'Universal Render Pipeline/Particles/Lit': fallback shader 'Universal Render Pipeline/Particles/SimpleLit' not found
Refreshing native plugins compatible for Editor in 0.46 ms, found 0 plugins.
Preloading 0 native plugins for Editor in 0.00 ms.
Unloading 2291 Unused Serialized files (Serialized files now loaded: 0)
System memory in use before: 106.6 MB.
System memory in use after: 106.8 MB.

Unloading 6 unused Assets to reduce memory usage. Loaded Objects now: 2853.
Total: 3.350300 ms (FindLiveObjects: 0.347400 ms CreateObjectMapping: 0.225700 ms MarkObjects: 2.672300 ms  DeleteObjects: 0.103100 ms)

========================================================================
Received Import Request.
  Time since last request: 288.546575 seconds.
  path: Assets/Scripts/TerrainFace.cs
  artifactKey: Guid(03dcf88a990e7e147b7dccd4bdcf1ced) Importer(815301076,1909f56bfc062723c751e8b465ee728b)
Start importing Assets/Scripts/TerrainFace.cs using Guid(03dcf88a990e7e147b7dccd4bdcf1ced) Importer(815301076,1909f56bfc062723c751e8b465ee728b)  -> (artifact id: '975aa95dfb5c373d05a6f50d54e5cfb9') in 0.007580 seconds
  Import took 0.012508 seconds .

========================================================================
Received Import Request.
  Time since last request: 214.518303 seconds.
  path: Assets/Shader/Planet.shadergraph
  artifactKey: Guid(671d916c9e5b99342810b2b508a2e361) Importer(815301076,1909f56bfc062723c751e8b465ee728b)
Start importing Assets/Shader/Planet.shadergraph using Guid(671d916c9e5b99342810b2b508a2e361) Importer(815301076,1909f56bfc062723c751e8b465ee728b)  -> (artifact id: 'd5c7568148df9705232f12f9a0e36e49') in 0.037748 seconds
  Import took 0.047129 seconds .

========================================================================
Received Import Request.
  Time since last request: 47.428842 seconds.
  path: Assets/Shader/Planet.shadergraph
  artifactKey: Guid(671d916c9e5b99342810b2b508a2e361) Importer(815301076,1909f56bfc062723c751e8b465ee728b)
Start importing Assets/Shader/Planet.shadergraph using Guid(671d916c9e5b99342810b2b508a2e361) Importer(815301076,1909f56bfc062723c751e8b465ee728b)  -> (artifact id: 'cbcd99c98db0473719375960371ddb5a') in 0.005286 seconds
  Import took 0.010099 seconds .

========================================================================
Received Import Request.
  Time since last request: 74.283624 seconds.
  path: Assets/Shader/Planet.shadergraph
  artifactKey: Guid(671d916c9e5b99342810b2b508a2e361) Importer(815301076,1909f56bfc062723c751e8b465ee728b)
Start importing Assets/Shader/Planet.shadergraph using Guid(671d916c9e5b99342810b2b508a2e361) Importer(815301076,1909f56bfc062723c751e8b465ee728b)  -> (artifact id: '75285829232f258ef5f3cc93ad624d26') in 0.005081 seconds
  Import took 0.010251 seconds .

========================================================================
Received Prepare
Registering precompiled user dll's ...
Registered in 0.002036 seconds.
Begin MonoManager ReloadAssembly
Native extension for WindowsStandalone target not found
Refreshing native plugins compatible for Editor in 0.45 ms, found 0 plugins.
Preloading 0 native plugins for Editor in 0.00 ms.
Invoked RoslynAnalysisRunner static constructor.
RoslynAnalysisRunner will not be running.
RoslynAnalysisRunner has terminated.
Mono: successfully reloaded assembly
- Completed reload, in  1.024 seconds
Platform modules already initialized, skipping
Shader 'Universal Render Pipeline/Particles/Lit': fallback shader 'Universal Render Pipeline/Particles/SimpleLit' not found
Refreshing native plugins compatible for Editor in 0.40 ms, found 0 plugins.
Preloading 0 native plugins for Editor in 0.00 ms.
Unloading 2291 Unused Serialized files (Serialized files now loaded: 0)
System memory in use before: 106.7 MB.
System memory in use after: 106.8 MB.

Unloading 6 unused Assets to reduce memory usage. Loaded Objects now: 2856.
Total: 3.080600 ms (FindLiveObjects: 0.354300 ms CreateObjectMapping: 0.159300 ms MarkObjects: 2.457300 ms  DeleteObjects: 0.108100 ms)

========================================================================
Received Prepare
Registering precompiled user dll's ...
Registered in 0.001748 seconds.
Begin MonoManager ReloadAssembly
Native extension for WindowsStandalone target not found
Refreshing native plugins compatible for Editor in 0.59 ms, found 0 plugins.
Preloading 0 native plugins for Editor in 0.00 ms.
Invoked RoslynAnalysisRunner static constructor.
RoslynAnalysisRunner will not be running.
RoslynAnalysisRunner has terminated.
Mono: successfully reloaded assembly
- Completed reload, in  1.084 seconds
Platform modules already initialized, skipping
Shader 'Universal Render Pipeline/Particles/Lit': fallback shader 'Universal Render Pipeline/Particles/SimpleLit' not found
Refreshing native plugins compatible for Editor in 0.42 ms, found 0 plugins.
Preloading 0 native plugins for Editor in 0.00 ms.
Unloading 2291 Unused Serialized files (Serialized files now loaded: 0)
System memory in use before: 106.6 MB.
System memory in use after: 106.8 MB.

Unloading 6 unused Assets to reduce memory usage. Loaded Objects now: 2859.
Total: 2.539600 ms (FindLiveObjects: 0.409500 ms CreateObjectMapping: 0.174900 ms MarkObjects: 1.862800 ms  DeleteObjects: 0.090200 ms)

========================================================================
Received Prepare
Registering precompiled user dll's ...
Registered in 0.001863 seconds.
Begin MonoManager ReloadAssembly
Native extension for WindowsStandalone target not found
Refreshing native plugins compatible for Editor in 0.45 ms, found 0 plugins.
Preloading 0 native plugins for Editor in 0.00 ms.
Invoked RoslynAnalysisRunner static constructor.
RoslynAnalysisRunner will not be running.
RoslynAnalysisRunner has terminated.
Mono: successfully reloaded assembly
- Completed reload, in  1.093 seconds
Platform modules already initialized, skipping
Shader 'Universal Render Pipeline/Particles/Lit': fallback shader 'Universal Render Pipeline/Particles/SimpleLit' not found
Refreshing native plugins compatible for Editor in 0.40 ms, found 0 plugins.
Preloading 0 native plugins for Editor in 0.00 ms.
Unloading 2291 Unused Serialized files (Serialized files now loaded: 0)
System memory in use before: 106.7 MB.
System memory in use after: 106.9 MB.

Unloading 6 unused Assets to reduce memory usage. Loaded Objects now: 2862.
Total: 2.513600 ms (FindLiveObjects: 0.274700 ms CreateObjectMapping: 0.159200 ms MarkObjects: 1.982700 ms  DeleteObjects: 0.095300 ms)

========================================================================
Received Import Request.
  Time since last request: 908.315784 seconds.
  path: Assets/Editors/Biome.cs
  artifactKey: Guid(c2206a58e381fe94a82fe7d2ee29038c) Importer(815301076,1909f56bfc062723c751e8b465ee728b)
Start importing Assets/Editors/Biome.cs using Guid(c2206a58e381fe94a82fe7d2ee29038c) Importer(815301076,1909f56bfc062723c751e8b465ee728b)  -> (artifact id: 'df5a05019e1c8e198671423d1b0616dd') in 0.013903 seconds
  Import took 0.021794 seconds .

========================================================================
Received Import Request.
  Time since last request: 323.397704 seconds.
  path: Assets/Editors/Biome.cs
  artifactKey: Guid(c2206a58e381fe94a82fe7d2ee29038c) Importer(815301076,1909f56bfc062723c751e8b465ee728b)
Start importing Assets/Editors/Biome.cs using Guid(c2206a58e381fe94a82fe7d2ee29038c) Importer(815301076,1909f56bfc062723c751e8b465ee728b)  -> (artifact id: '9e1fc8faef89aeffeffcc28b51b01053') in 0.004445 seconds
  Import took 0.010547 seconds .

========================================================================
Received Import Request.
  Time since last request: 31.798011 seconds.
  path: Assets/Render/UniversalRenderPipelineAsset_Renderer.asset
  artifactKey: Guid(ddc633a0f1867a74ea98735d4b722648) Importer(815301076,1909f56bfc062723c751e8b465ee728b)
Start importing Assets/Render/UniversalRenderPipelineAsset_Renderer.asset using Guid(ddc633a0f1867a74ea98735d4b722648) Importer(815301076,1909f56bfc062723c751e8b465ee728b)  -> (artifact id: '97425a9cc8e2bb3e29988290989c2eeb') in 0.018629 seconds
  Import took 0.023047 seconds .

========================================================================
Received Import Request.
  Time since last request: 0.002414 seconds.
  path: Assets/Render/UniversalRenderPipelineAsset_Renderer.asset
  artifactKey: Guid(ddc633a0f1867a74ea98735d4b722648) Importer(815301076,1909f56bfc062723c751e8b465ee728b)
Start importing Assets/Render/UniversalRenderPipelineAsset_Renderer.asset using Guid(ddc633a0f1867a74ea98735d4b722648) Importer(815301076,1909f56bfc062723c751e8b465ee728b)  -> (artifact id: '97425a9cc8e2bb3e29988290989c2eeb') in 0.006482 seconds
  Import took 0.011212 seconds .

========================================================================
Received Import Request.
  Time since last request: 3.158392 seconds.
  path: Assets/Scripts/PlanetColourSettings.cs
  artifactKey: Guid(43547a7c2efd7ea4587e0aa9ea5fe9f3) Importer(815301076,1909f56bfc062723c751e8b465ee728b)
Start importing Assets/Scripts/PlanetColourSettings.cs using Guid(43547a7c2efd7ea4587e0aa9ea5fe9f3) Importer(815301076,1909f56bfc062723c751e8b465ee728b)  -> (artifact id: '300982142d1cc922d744d3dd3ae59abe') in 0.006407 seconds
  Import took 0.011161 seconds .

========================================================================
Received Import Request.
  Time since last request: 1.171758 seconds.
  path: Assets/Scripts/ShapeSettings.cs
  artifactKey: Guid(ed994cabe3cc4244499935115a3fd446) Importer(815301076,1909f56bfc062723c751e8b465ee728b)
Start importing Assets/Scripts/ShapeSettings.cs using Guid(ed994cabe3cc4244499935115a3fd446) Importer(815301076,1909f56bfc062723c751e8b465ee728b)  -> (artifact id: '34bb565d6b77e24e7adef206641d3fa3') in 0.005722 seconds
  Import took 0.011641 seconds .

========================================================================
Received Import Request.
  Time since last request: 0.630438 seconds.
  path: Assets/Editors/WorldSettings.cs
  artifactKey: Guid(8364ddee32a962849b67fd3b7dc77ee4) Importer(815301076,1909f56bfc062723c751e8b465ee728b)
Start importing Assets/Editors/WorldSettings.cs using Guid(8364ddee32a962849b67fd3b7dc77ee4) Importer(815301076,1909f56bfc062723c751e8b465ee728b)  -> (artifact id: 'f0edcbaf49e3ef1f7b666ba24f563803') in 0.005797 seconds
  Import took 0.010981 seconds .

========================================================================
Received Import Request.
  Time since last request: 139.842432 seconds.
  path: Assets/Editors/WorldSettings.cs
  artifactKey: Guid(8364ddee32a962849b67fd3b7dc77ee4) Importer(815301076,1909f56bfc062723c751e8b465ee728b)
Start importing Assets/Editors/WorldSettings.cs using Guid(8364ddee32a962849b67fd3b7dc77ee4) Importer(815301076,1909f56bfc062723c751e8b465ee728b)  -> (artifact id: 'e7ab8fad0ee2cc41e17ea14120f1fad4') in 0.007268 seconds
  Import took 0.017015 seconds .

========================================================================
Received Prepare
Registering precompiled user dll's ...
Registered in 0.002011 seconds.
Begin MonoManager ReloadAssembly
Native extension for WindowsStandalone target not found
Refreshing native plugins compatible for Editor in 0.47 ms, found 0 plugins.
Preloading 0 native plugins for Editor in 0.00 ms.
Invoked RoslynAnalysisRunner static constructor.
RoslynAnalysisRunner will not be running.
RoslynAnalysisRunner has terminated.
Mono: successfully reloaded assembly
- Completed reload, in  1.110 seconds
Platform modules already initialized, skipping
Shader 'Universal Render Pipeline/Particles/Lit': fallback shader 'Universal Render Pipeline/Particles/SimpleLit' not found
Refreshing native plugins compatible for Editor in 0.51 ms, found 0 plugins.
Preloading 0 native plugins for Editor in 0.00 ms.
Unloading 2292 Unused Serialized files (Serialized files now loaded: 0)
System memory in use before: 106.7 MB.
System memory in use after: 106.9 MB.

Unloading 6 unused Assets to reduce memory usage. Loaded Objects now: 2866.
Total: 2.949300 ms (FindLiveObjects: 0.369000 ms CreateObjectMapping: 0.156400 ms MarkObjects: 2.297400 ms  DeleteObjects: 0.124900 ms)

========================================================================
Received Import Request.
  Time since last request: 700.444206 seconds.
  path: Assets/Editors/WorldSettings.cs
  artifactKey: Guid(8364ddee32a962849b67fd3b7dc77ee4) Importer(815301076,1909f56bfc062723c751e8b465ee728b)
Start importing Assets/Editors/WorldSettings.cs using Guid(8364ddee32a962849b67fd3b7dc77ee4) Importer(815301076,1909f56bfc062723c751e8b465ee728b)  -> (artifact id: 'f25cc9ecfd59d4a954eb9321c47941ba') in 0.007896 seconds
  Import took 0.012633 seconds .

